# JRE version: OpenJDK Runtime Environment JBR-21.0.5+8-631.30-nomod (21.0.5+8) (build 21.0.5+8-b631.30)
# Java VM: OpenJDK 64-Bit Server VM JBR-21.0.5+8-631.30-nomod (21.0.5+8-b631.30, mixed mode, sharing, tiered, compressed oops, compressed class ptrs, g1 gc, windows-amd64)
GC Precious Log:
 CardTable entry size: 512
 Card Set container configuration: InlinePtr #cards 4 size 8 Array Of Cards #cards 32 size 80 Howl #buckets 8 coarsen threshold 7372 Howl Bitmap #cards 1024 size 144 coarsen threshold 921 Card regions per heap region 1 cards per card region 8192
 CPUs: 20 total, 20 available
 Memory: 32609M
 Large Page Support: Disabled
 NUMA Support: Disabled
 Compressed Oops: Enabled (Zero based)
 Heap Region Size: 4M
 Heap Min Capacity: 8M
 Heap Initial Capacity: 512M
 Heap Max Capacity: 8156M
 Pre-touch: Disabled
 Parallel Workers: 15
 Concurrent Workers: 4
 Concurrent Refinement Workers: 15
 Periodic GC: Disabled
Heap:
 garbage-first heap   total 458752K, used 159980K [0x0000000602400000, 0x0000000800000000)
  region size 4096K, 16 young (65536K), 6 survivors (24576K)
 Metaspace       used 34383K, committed 35008K, reserved 1114112K
  class space    used 4110K, committed 4416K, reserved 1048576K
GC Heap History (16 events):
Event: 0.306 GC heap before
{Heap before GC invocations=0 (full 0):
 garbage-first heap   total 524288K, used 20480K [0x0000000602400000, 0x0000000800000000)
  region size 4096K, 6 young (24576K), 0 survivors (0K)
 Metaspace       used 3465K, committed 3520K, reserved 1114112K
  class space    used 302K, committed 320K, reserved 1048576K
}
Event: 0.309 GC heap after
{Heap after GC invocations=1 (full 0):
 garbage-first heap   total 524288K, used 11947K [0x0000000602400000, 0x0000000800000000)
  region size 4096K, 1 young (4096K), 1 survivors (4096K)
 Metaspace       used 3465K, committed 3520K, reserved 1114112K
  class space    used 302K, committed 320K, reserved 1048576K
}
Event: 0.414 GC heap before
{Heap before GC invocations=1 (full 0):
 garbage-first heap   total 524288K, used 32427K [0x0000000602400000, 0x0000000800000000)
  region size 4096K, 6 young (24576K), 1 survivors (4096K)
 Metaspace       used 4772K, committed 4864K, reserved 1114112K
  class space    used 448K, committed 512K, reserved 1048576K
}
Event: 0.418 GC heap after
{Heap after GC invocations=2 (full 0):
 garbage-first heap   total 524288K, used 25333K [0x0000000602400000, 0x0000000800000000)
  region size 4096K, 1 young (4096K), 1 survivors (4096K)
 Metaspace       used 4772K, committed 4864K, reserved 1114112K
  class space    used 448K, committed 512K, reserved 1048576K
}
Event: 0.453 GC heap before
{Heap before GC invocations=2 (full 0):
 garbage-first heap   total 524288K, used 54005K [0x0000000602400000, 0x0000000800000000)
  region size 4096K, 8 young (32768K), 1 survivors (4096K)
 Metaspace       used 4782K, committed 4928K, reserved 1114112K
  class space    used 449K, committed 512K, reserved 1048576K
}
Event: 0.458 GC heap after
{Heap after GC invocations=3 (full 0):
 garbage-first heap   total 524288K, used 49396K [0x0000000602400000, 0x0000000800000000)
  region size 4096K, 1 young (4096K), 1 survivors (4096K)
 Metaspace       used 4782K, committed 4928K, reserved 1114112K
  class space    used 449K, committed 512K, reserved 1048576K
}
Event: 0.709 GC heap before
{Heap before GC invocations=3 (full 0):
 garbage-first heap   total 524288K, used 78068K [0x0000000602400000, 0x0000000800000000)
  region size 4096K, 8 young (32768K), 1 survivors (4096K)
 Metaspace       used 11538K, committed 11840K, reserved 1114112K
  class space    used 1265K, committed 1408K, reserved 1048576K
}
Event: 0.711 GC heap after
{Heap after GC invocations=4 (full 0):
 garbage-first heap   total 524288K, used 55057K [0x0000000602400000, 0x0000000800000000)
  region size 4096K, 1 young (4096K), 1 survivors (4096K)
 Metaspace       used 11538K, committed 11840K, reserved 1114112K
  class space    used 1265K, committed 1408K, reserved 1048576K
}
Event: 1.264 GC heap before
{Heap before GC invocations=4 (full 0):
 garbage-first heap   total 524288K, used 96017K [0x0000000602400000, 0x0000000800000000)
  region size 4096K, 12 young (49152K), 1 survivors (4096K)
 Metaspace       used 17849K, committed 18176K, reserved 1114112K
  class space    used 1988K, committed 2112K, reserved 1048576K
}
Event: 1.267 GC heap after
{Heap after GC invocations=5 (full 0):
 garbage-first heap   total 524288K, used 59821K [0x0000000602400000, 0x0000000800000000)
  region size 4096K, 2 young (8192K), 2 survivors (8192K)
 Metaspace       used 17849K, committed 18176K, reserved 1114112K
  class space    used 1988K, committed 2112K, reserved 1048576K
}
Event: 1.655 GC heap before
{Heap before GC invocations=5 (full 0):
 garbage-first heap   total 524288K, used 194989K [0x0000000602400000, 0x0000000800000000)
  region size 4096K, 35 young (143360K), 2 survivors (8192K)
 Metaspace       used 20565K, committed 20928K, reserved 1114112K
  class space    used 2279K, committed 2432K, reserved 1048576K
}
Event: 1.661 GC heap after
{Heap after GC invocations=6 (full 0):
 garbage-first heap   total 524288K, used 78536K [0x0000000602400000, 0x0000000800000000)
  region size 4096K, 5 young (20480K), 5 survivors (20480K)
 Metaspace       used 20565K, committed 20928K, reserved 1114112K
  class space    used 2279K, committed 2432K, reserved 1048576K
}
Event: 1.828 GC heap before
{Heap before GC invocations=6 (full 0):
 garbage-first heap   total 524288K, used 176840K [0x0000000602400000, 0x0000000800000000)
  region size 4096K, 30 young (122880K), 5 survivors (20480K)
 Metaspace       used 21158K, committed 21504K, reserved 1114112K
  class space    used 2335K, committed 2496K, reserved 1048576K
}
Event: 1.833 GC heap after
{Heap after GC invocations=7 (full 0):
 garbage-first heap   total 524288K, used 86637K [0x0000000602400000, 0x0000000800000000)
  region size 4096K, 2 young (8192K), 2 survivors (8192K)
 Metaspace       used 21158K, committed 21504K, reserved 1114112K
  class space    used 2335K, committed 2496K, reserved 1048576K
}
Event: 2.647 GC heap before
{Heap before GC invocations=8 (full 0):
 garbage-first heap   total 303104K, used 270957K [0x0000000602400000, 0x0000000800000000)
  region size 4096K, 44 young (180224K), 2 survivors (8192K)
 Metaspace       used 33499K, committed 34112K, reserved 1114112K
  class space    used 4006K, committed 4288K, reserved 1048576K
}
Event: 2.654 GC heap after
{Heap after GC invocations=9 (full 0):
 garbage-first heap   total 458752K, used 123116K [0x0000000602400000, 0x0000000800000000)
  region size 4096K, 6 young (24576K), 6 survivors (24576K)
 Metaspace       used 33499K, committed 34112K, reserved 1114112K
  class space    used 4006K, committed 4288K, reserved 1048576K
}

