# JRE version: OpenJDK Runtime Environment JBR-21.0.5+8-631.30-nomod (21.0.5+8) (build 21.0.5+8-b631.30)
# Java VM: OpenJDK 64-Bit Server VM JBR-21.0.5+8-631.30-nomod (21.0.5+8-b631.30, mixed mode, sharing, tiered, compressed oops, compressed class ptrs, g1 gc, windows-amd64)
GC Precious Log:
 CardTable entry size: 512
 Card Set container configuration: InlinePtr #cards 4 size 8 Array Of Cards #cards 32 size 80 Howl #buckets 8 coarsen threshold 7372 Howl Bitmap #cards 1024 size 144 coarsen threshold 921 Card regions per heap region 1 cards per card region 8192
 CPUs: 20 total, 20 available
 Memory: 32609M
 Large Page Support: Disabled
 NUMA Support: Disabled
 Compressed Oops: Enabled (Zero based)
 Heap Region Size: 4M
 Heap Min Capacity: 8M
 Heap Initial Capacity: 512M
 Heap Max Capacity: 8156M
 Pre-touch: Disabled
 Parallel Workers: 15
 Concurrent Workers: 4
 Concurrent Refinement Workers: 15
 Periodic GC: Disabled
Heap:
 garbage-first heap   total 737280K, used 688625K [0x0000000602400000, 0x0000000800000000)
  region size 4096K, 64 young (262144K), 2 survivors (8192K)
 Metaspace       used 128705K, committed 130048K, reserved 1179648K
  class space    used 18709K, committed 19264K, reserved 1048576K
GC Heap History (20 events):
Event: 32.299 GC heap before
{Heap before GC invocations=34 (full 0):
 garbage-first heap   total 548864K, used 485859K [0x0000000602400000, 0x0000000800000000)
  region size 4096K, 39 young (159744K), 5 survivors (20480K)
 Metaspace       used 126980K, committed 128320K, reserved 1179648K
  class space    used 18570K, committed 19136K, reserved 1048576K
}
Event: 32.306 GC heap after
{Heap after GC invocations=35 (full 0):
 garbage-first heap   total 548864K, used 371948K [0x0000000602400000, 0x0000000800000000)
  region size 4096K, 5 young (20480K), 5 survivors (20480K)
 Metaspace       used 126980K, committed 128320K, reserved 1179648K
  class space    used 18570K, committed 19136K, reserved 1048576K
}
Event: 33.056 GC heap before
{Heap before GC invocations=35 (full 0):
 garbage-first heap   total 548864K, used 490732K [0x0000000602400000, 0x0000000800000000)
  region size 4096K, 35 young (143360K), 5 survivors (20480K)
 Metaspace       used 127551K, committed 128896K, reserved 1179648K
  class space    used 18614K, committed 19200K, reserved 1048576K
}
Event: 33.059 GC heap after
{Heap after GC invocations=36 (full 0):
 garbage-first heap   total 659456K, used 382379K [0x0000000602400000, 0x0000000800000000)
  region size 4096K, 3 young (12288K), 3 survivors (12288K)
 Metaspace       used 127551K, committed 128896K, reserved 1179648K
  class space    used 18614K, committed 19200K, reserved 1048576K
}
Event: 33.840 GC heap before
{Heap before GC invocations=37 (full 0):
 garbage-first heap   total 659456K, used 587179K [0x0000000602400000, 0x0000000800000000)
  region size 4096K, 54 young (221184K), 3 survivors (12288K)
 Metaspace       used 127738K, committed 129088K, reserved 1179648K
  class space    used 18613K, committed 19200K, reserved 1048576K
}
Event: 33.843 GC heap after
{Heap after GC invocations=38 (full 0):
 garbage-first heap   total 659456K, used 399630K [0x0000000602400000, 0x0000000800000000)
  region size 4096K, 7 young (28672K), 7 survivors (28672K)
 Metaspace       used 127738K, committed 129088K, reserved 1179648K
  class space    used 18613K, committed 19200K, reserved 1048576K
}
Event: 34.315 GC heap before
{Heap before GC invocations=38 (full 0):
 garbage-first heap   total 659456K, used 583950K [0x0000000602400000, 0x0000000800000000)
  region size 4096K, 53 young (217088K), 7 survivors (28672K)
 Metaspace       used 128015K, committed 129280K, reserved 1179648K
  class space    used 18645K, committed 19200K, reserved 1048576K
}
Event: 34.320 GC heap after
{Heap after GC invocations=39 (full 0):
 garbage-first heap   total 659456K, used 410271K [0x0000000602400000, 0x0000000800000000)
  region size 4096K, 4 young (16384K), 4 survivors (16384K)
 Metaspace       used 128015K, committed 129280K, reserved 1179648K
  class space    used 18645K, committed 19200K, reserved 1048576K
}
Event: 34.730 GC heap before
{Heap before GC invocations=39 (full 0):
 garbage-first heap   total 659456K, used 598687K [0x0000000602400000, 0x0000000800000000)
  region size 4096K, 51 young (208896K), 4 survivors (16384K)
 Metaspace       used 128260K, committed 129600K, reserved 1179648K
  class space    used 18668K, committed 19264K, reserved 1048576K
}
Event: 34.733 GC heap after
{Heap after GC invocations=40 (full 0):
 garbage-first heap   total 659456K, used 422461K [0x0000000602400000, 0x0000000800000000)
  region size 4096K, 7 young (28672K), 7 survivors (28672K)
 Metaspace       used 128260K, committed 129600K, reserved 1179648K
  class space    used 18668K, committed 19264K, reserved 1048576K
}
Event: 35.159 GC heap before
{Heap before GC invocations=41 (full 0):
 garbage-first heap   total 712704K, used 582205K [0x0000000602400000, 0x0000000800000000)
  region size 4096K, 47 young (192512K), 7 survivors (28672K)
 Metaspace       used 128533K, committed 129792K, reserved 1179648K
  class space    used 18708K, committed 19264K, reserved 1048576K
}
Event: 35.163 GC heap after
{Heap after GC invocations=42 (full 0):
 garbage-first heap   total 712704K, used 434451K [0x0000000602400000, 0x0000000800000000)
  region size 4096K, 4 young (16384K), 4 survivors (16384K)
 Metaspace       used 128533K, committed 129792K, reserved 1179648K
  class space    used 18708K, committed 19264K, reserved 1048576K
}
Event: 39.800 GC heap before
{Heap before GC invocations=42 (full 0):
 garbage-first heap   total 712704K, used 647443K [0x0000000602400000, 0x0000000800000000)
  region size 4096K, 57 young (233472K), 4 survivors (16384K)
 Metaspace       used 128684K, committed 129984K, reserved 1179648K
  class space    used 18708K, committed 19264K, reserved 1048576K
}
Event: 39.807 GC heap after
{Heap after GC invocations=43 (full 0):
 garbage-first heap   total 712704K, used 437724K [0x0000000602400000, 0x0000000800000000)
  region size 4096K, 5 young (20480K), 5 survivors (20480K)
 Metaspace       used 128684K, committed 129984K, reserved 1179648K
  class space    used 18708K, committed 19264K, reserved 1048576K
}
Event: 47.800 GC heap before
{Heap before GC invocations=43 (full 0):
 garbage-first heap   total 712704K, used 646620K [0x0000000602400000, 0x0000000800000000)
  region size 4096K, 56 young (229376K), 5 survivors (20480K)
 Metaspace       used 128702K, committed 130048K, reserved 1179648K
  class space    used 18708K, committed 19264K, reserved 1048576K
}
Event: 47.804 GC heap after
{Heap after GC invocations=44 (full 0):
 garbage-first heap   total 712704K, used 438976K [0x0000000602400000, 0x0000000800000000)
  region size 4096K, 2 young (8192K), 2 survivors (8192K)
 Metaspace       used 128702K, committed 130048K, reserved 1179648K
  class space    used 18708K, committed 19264K, reserved 1048576K
}
Event: 56.477 GC heap before
{Heap before GC invocations=45 (full 0):
 garbage-first heap   total 737280K, used 664256K [0x0000000602400000, 0x0000000800000000)
  region size 4096K, 57 young (233472K), 2 survivors (8192K)
 Metaspace       used 128702K, committed 130048K, reserved 1179648K
  class space    used 18708K, committed 19264K, reserved 1048576K
}
Event: 56.481 GC heap after
{Heap after GC invocations=46 (full 0):
 garbage-first heap   total 737280K, used 438381K [0x0000000602400000, 0x0000000800000000)
  region size 4096K, 2 young (8192K), 2 survivors (8192K)
 Metaspace       used 128702K, committed 130048K, reserved 1179648K
  class space    used 18708K, committed 19264K, reserved 1048576K
}
Event: 66.102 GC heap before
{Heap before GC invocations=46 (full 0):
 garbage-first heap   total 737280K, used 688237K [0x0000000602400000, 0x0000000800000000)
  region size 4096K, 63 young (258048K), 2 survivors (8192K)
 Metaspace       used 128705K, committed 130048K, reserved 1179648K
  class space    used 18709K, committed 19264K, reserved 1048576K
}
Event: 66.105 GC heap after
{Heap after GC invocations=47 (full 0):
 garbage-first heap   total 737280K, used 434673K [0x0000000602400000, 0x0000000800000000)
  region size 4096K, 2 young (8192K), 2 survivors (8192K)
 Metaspace       used 128705K, committed 130048K, reserved 1179648K
  class space    used 18709K, committed 19264K, reserved 1048576K
}

